<?xml version="1.0" encoding="UTF-8"?>
<!-- Generated by org.testng.reporters.JUnitReportReporter -->
<testsuite hostname="devmachine-HP-Pro-3330-MT" failures="0" tests="1" name="Execution.task" time="0.192" errors="0" timestamp="2023-11-08T15:56:58 IST" skipped="0">
  <testcase classname="Execution.task" name="runTask" time="0.192"/>
  <system-out/>
</testsuite> <!-- Execution.task -->
