<?xml version="1.0" encoding="UTF-8"?>
<!-- Generated by org.testng.reporters.JUnitReportReporter -->
<testsuite hostname="devmachine-HP-Pro-3330-MT" failures="0" tests="1" name="irpWebModulePackage.Survey" time="22.560" errors="0" timestamp="2024-01-25T15:02:45 IST" skipped="0">
  <testcase classname="irpWebModulePackage.Survey" name="surveyWebModule" time="22.560"/>
  <system-out/>
</testsuite> <!-- irpWebModulePackage.Survey -->
