<?xml version="1.0" encoding="UTF-8"?>
<!-- Generated by org.testng.reporters.JUnitReportReporter -->
<testsuite hostname="devmachine-HP-Pro-3330-MT" failures="0" tests="1" name="irpWebModulePackage.checkInService" time="27.895" errors="0" timestamp="2024-01-25T12:58:15 IST" skipped="0">
  <testcase classname="irpWebModulePackage.checkInService" name="employeeCheckInWebModule" time="27.895"/>
  <system-out/>
</testsuite> <!-- irpWebModulePackage.checkInService -->
